<?xml version="1.0" encoding="UTF-8"?>
<!-- Generated by org.testng.reporters.JUnitXMLReporter -->
<testsuite ignored="0" hostname="badabeeddccbfbaebffbbdcdfcbaddfdffcedbecadf-0" failures="0" tests="3" name="Surefire test" time="58.036" errors="0" timestamp="2023-08-23T13:28:41 UTC">
  <testcase classname="testcases.Testcase1" name="Tc001" time="22.391"/>
  <testcase classname="testcases.Testcase1" name="Tc002" time="8.717"/>
  <testcase classname="testcases.Testcase1" name="Tc003" time="9.822"/>
</testsuite> <!-- Surefire test -->
