<?xml version="1.0" encoding="UTF-8"?>
<testng-results ignored="0" total="3" passed="3" failed="0" skipped="0">
  <reporter-output>
  </reporter-output>
  <suite started-at="2023-08-23T13:17:47 UTC" name="Surefire suite" finished-at="2023-08-23T13:18:58 UTC" duration-ms="70900">
    <groups>
    </groups>
    <test started-at="2023-08-23T13:17:47 UTC" name="Surefire test" finished-at="2023-08-23T13:18:58 UTC" duration-ms="70900">
      <class name="testcases.Testcase1">
        <test-method is-config="true" signature="beforeMethod()[pri:0, instance:testcases.Testcase1@54c5a2ff]" started-at="2023-08-23T13:17:47 UTC" name="beforeMethod" finished-at="2023-08-23T13:17:54 UTC" duration-ms="6656" status="PASS">
          <reporter-output>
          </reporter-output>
        </test-method> <!-- beforeMethod -->
        <test-method signature="Tc001()[pri:1, instance:testcases.Testcase1@54c5a2ff]" started-at="2023-08-23T13:17:54 UTC" name="Tc001" finished-at="2023-08-23T13:18:17 UTC" duration-ms="23402" status="PASS">
          <reporter-output>
          </reporter-output>
        </test-method> <!-- Tc001 -->
        <test-method is-config="true" signature="afterMethod()[pri:0, instance:testcases.Testcase1@54c5a2ff]" started-at="2023-08-23T13:18:17 UTC" name="afterMethod" finished-at="2023-08-23T13:18:18 UTC" duration-ms="584" status="PASS">
          <reporter-output>
          </reporter-output>
        </test-method> <!-- afterMethod -->
        <test-method is-config="true" signature="beforeMethod()[pri:0, instance:testcases.Testcase1@54c5a2ff]" started-at="2023-08-23T13:18:19 UTC" name="beforeMethod" finished-at="2023-08-23T13:18:22 UTC" duration-ms="3869" status="PASS">
          <reporter-output>
          </reporter-output>
        </test-method> <!-- beforeMethod -->
        <test-method signature="Tc002(java.lang.String,java.lang.String)[pri:2, instance:testcases.Testcase1@54c5a2ff]" started-at="2023-08-23T13:18:22 UTC" name="Tc002" data-provider="testData" finished-at="2023-08-23T13:18:38 UTC" duration-ms="15536" status="PASS">
          <params>
            <param index="0">
              <value>
                <![CDATA[Mumbai]]>
              </value>
            </param>
            <param index="1">
              <value>
                <![CDATA[Chennai]]>
              </value>
            </param>
          </params>
          <reporter-output>
          </reporter-output>
        </test-method> <!-- Tc002 -->
        <test-method is-config="true" signature="afterMethod()[pri:0, instance:testcases.Testcase1@54c5a2ff]" started-at="2023-08-23T13:18:38 UTC" name="afterMethod" finished-at="2023-08-23T13:18:38 UTC" duration-ms="172" status="PASS">
          <reporter-output>
          </reporter-output>
        </test-method> <!-- afterMethod -->
        <test-method is-config="true" signature="beforeMethod()[pri:0, instance:testcases.Testcase1@54c5a2ff]" started-at="2023-08-23T13:18:38 UTC" name="beforeMethod" finished-at="2023-08-23T13:18:42 UTC" duration-ms="3532" status="PASS">
          <reporter-output>
          </reporter-output>
        </test-method> <!-- beforeMethod -->
        <test-method signature="Tc003()[pri:3, instance:testcases.Testcase1@54c5a2ff]" started-at="2023-08-23T13:18:42 UTC" name="Tc003" finished-at="2023-08-23T13:18:58 UTC" duration-ms="16275" status="PASS">
          <reporter-output>
          </reporter-output>
        </test-method> <!-- Tc003 -->
        <test-method is-config="true" signature="afterMethod()[pri:0, instance:testcases.Testcase1@54c5a2ff]" started-at="2023-08-23T13:18:58 UTC" name="afterMethod" finished-at="2023-08-23T13:18:58 UTC" duration-ms="180" status="PASS">
          <reporter-output>
          </reporter-output>
        </test-method> <!-- afterMethod -->
      </class> <!-- testcases.Testcase1 -->
    </test> <!-- Surefire test -->
  </suite> <!-- Surefire suite -->
</testng-results>
